C:\GMFTOOLKIT\GMFDEC\DEBUG\BYTEFUNCTIONS.OBJ
C:\gmftoolkit\gmfdec\Debug\cl.command.1.tlog
C:\gmftoolkit\gmfdec\Debug\CL.read.1.tlog
C:\gmftoolkit\gmfdec\Debug\CL.write.1.tlog
C:\GMFTOOLKIT\GMFDEC\DEBUG\GMFDEC.EXE
C:\GMFTOOLKIT\GMFDEC\DEBUG\GMFDEC.EXE.INTERMEDIATE.MANIFEST
C:\GMFTOOLKIT\GMFDEC\DEBUG\GMFDEC.ILK
C:\GMFTOOLKIT\GMFDEC\DEBUG\GMFDEC.PDB
C:\GMFTOOLKIT\GMFDEC\DEBUG\HAVOKFUNCTIONS.OBJ
C:\GMFTOOLKIT\GMFDEC\DEBUG\HELPERFUNCTIONS.OBJ
C:\gmftoolkit\gmfdec\Debug\link.command.1.tlog
C:\gmftoolkit\gmfdec\Debug\link.read.1.tlog
C:\gmftoolkit\gmfdec\Debug\link.write.1.tlog
C:\GMFTOOLKIT\GMFDEC\DEBUG\MAIN.OBJ
C:\GMFTOOLKIT\GMFDEC\DEBUG\MATERIALFUNCTIONS.OBJ
C:\gmftoolkit\gmfdec\Debug\mt.command.1.tlog
C:\gmftoolkit\gmfdec\Debug\mt.read.1.tlog
C:\gmftoolkit\gmfdec\Debug\mt.write.1.tlog
C:\GMFTOOLKIT\GMFDEC\DEBUG\OBJECTFUNCTIONS.OBJ
C:\GMFTOOLKIT\GMFDEC\DEBUG\OBJECTGEOFUNCTIONS.OBJ
C:\GMFTOOLKIT\GMFDEC\DEBUG\SCENEFUNCTIONS.OBJ
C:\gmftoolkit\gmfdec\Debug\vc100.idb
C:\GMFTOOLKIT\GMFDEC\DEBUG\VC100.PDB
