Build started 2010-05-26 19:28:16.
     1>Project "C:\gmftoolkit\gmfdec\gmfdec.vcxproj" on node 2 (build target(s)).
     1>InitializeBuildStatus:
         Creating "Debug\gmfdec.unsuccessfulbuild" because "AlwaysCreate" was specified.
       ClCompile:
         C:\Program Files (x86)\Microsoft Visual Studio 10.0\VC\bin\CL.exe /c /ZI /nologo /W3 /WX- /Od /Oy- /D _MBCS /Gm /EHsc /RTC1 /MDd /GS /fp:precise /Zc:wchar_t /Zc:forScope /Fo"Debug\\" /Fd"Debug\vc100.pdb" /Gd /TP /analyze- /errorReport:prompt GMFDec\main.cpp
         main.cpp
     1>c:\gmftoolkit\gmfdec\gmfdec\main.cpp(35): warning C4996: 'fopen': This function or variable may be unsafe. Consider using fopen_s instead. To disable deprecation, use _CRT_SECURE_NO_WARNINGS. See online help for details.
                 c:\program files (x86)\microsoft visual studio 10.0\vc\include\stdio.h(234) : see declaration of 'fopen'
     1>c:\gmftoolkit\gmfdec\gmfdec\main.cpp(36): warning C4996: 'fopen': This function or variable may be unsafe. Consider using fopen_s instead. To disable deprecation, use _CRT_SECURE_NO_WARNINGS. See online help for details.
                 c:\program files (x86)\microsoft visual studio 10.0\vc\include\stdio.h(234) : see declaration of 'fopen'
       Link:
         C:\Program Files (x86)\Microsoft Visual Studio 10.0\VC\bin\link.exe /ERRORREPORT:PROMPT /OUT:"C:\gmftoolkit\gmfdec\Debug\gmfdec.exe" /NOLOGO kernel32.lib user32.lib gdi32.lib winspool.lib comdlg32.lib advapi32.lib shell32.lib ole32.lib oleaut32.lib uuid.lib odbc32.lib odbccp32.lib /MANIFEST /ManifestFile:"Debug\gmfdec.exe.intermediate.manifest" /MANIFESTUAC:"level='asInvoker' uiAccess='false'" /DEBUG /PDB:"C:\gmftoolkit\gmfdec\Debug\gmfdec.pdb" /TLBID:1 /DYNAMICBASE /NXCOMPAT /IMPLIB:"C:\gmftoolkit\gmfdec\Debug\gmfdec.lib" /MACHINE:X86 Debug\byteFunctions.obj
         Debug\havokFunctions.obj
         Debug\helperFunctions.obj
         Debug\main.obj
         Debug\materialFunctions.obj
         Debug\objectFunctions.obj
         Debug\objectGeoFunctions.obj
         Debug\sceneFunctions.obj
         LINK : C:\gmftoolkit\gmfdec\Debug\gmfdec.exe not found or not built by the last incremental link; performing full link
         gmfdec.vcxproj -> C:\gmftoolkit\gmfdec\Debug\gmfdec.exe
       Manifest:
         C:\Program Files (x86)\Microsoft SDKs\Windows\v7.0A\bin\mt.exe /nologo /verbose /outputresource:"C:\gmftoolkit\gmfdec\Debug\gmfdec.exe;#1" /manifest Debug\gmfdec.exe.intermediate.manifest
       FinalizeBuildStatus:
         Deleting file "Debug\gmfdec.unsuccessfulbuild".
         Touching "Debug\gmfdec.lastbuildstate".
     1>Done Building Project "C:\gmftoolkit\gmfdec\gmfdec.vcxproj" (build target(s)).

Build succeeded.

Time Elapsed 00:00:01.43
